This file contains any messages produced by compilers while
running configure, to aid debugging if configure makes a mistake.

It was created by libzdb configure 3.2.3, which was
generated by GNU Autoconf 2.71.  Invocation command line was

  $ ./configure --with-mysql=/usr/bin/mysql_config

## --------- ##
## Platform. ##
## --------- ##

hostname = dyy-HP-ProDesk-480-G7-PCI-Microtower-PC
uname -m = x86_64
uname -r = 5.15.0-105-generic
uname -s = Linux
uname -v = #115~20.04.1-Ubuntu SMP Mon Apr 15 17:33:04 UTC 2024

/usr/bin/uname -p = x86_64
/bin/uname -X     = unknown

/bin/arch              = x86_64
/usr/bin/arch -k       = unknown
/usr/convex/getsysinfo = unknown
/usr/bin/hostinfo      = unknown
/bin/machine           = unknown
/usr/bin/oslevel       = unknown
/bin/universe          = unknown

PATH: /home/dyy/.oceanbase-all-in-one/obd/usr/bin/
PATH: /home/dyy/.oceanbase-all-in-one/obclient/u01/obclient/bin/
PATH: /home/dyy/.oceanbase-all-in-one/obd/usr/bin/
PATH: /home/dyy/.oceanbase-all-in-one/obclient/u01/obclient/bin/
PATH: /home/dyy/下载/openGauss/bin/
PATH: /home/dyy/.tiup/bin/
PATH: /home/dyy/.oceanbase-all-in-one/obd/usr/bin/
PATH: /home/dyy/.oceanbase-all-in-one/obclient/u01/obclient/bin/
PATH: /home/dyy/.oceanbase-all-in-one/obd/usr/bin/
PATH: /home/dyy/.oceanbase-all-in-one/obclient/u01/obclient/bin/
PATH: /home/dyy/.oceanbase-all-in-one/obd/usr/bin/
PATH: /home/dyy/.oceanbase-all-in-one/obclient/u01/obclient/bin/
PATH: /home/dyy/下载/openGauss/bin/
PATH: /home/dyy/.tiup/bin/
PATH: /home/dyy/.oceanbase-all-in-one/obd/usr/bin/
PATH: /home/dyy/.oceanbase-all-in-one/obclient/u01/obclient/bin/
PATH: /usr/local/sbin/
PATH: /usr/local/bin/
PATH: /usr/sbin/
PATH: /usr/bin/
PATH: /sbin/
PATH: /bin/
PATH: /usr/games/
PATH: /usr/local/games/
PATH: /snap/bin/


## ----------- ##
## Core tests. ##
## ----------- ##

configure:2941: looking for aux files: config.guess config.sub ltmain.sh compile missing install-sh
configure:2954:  trying ./config/
configure:2983:   ./config/config.guess found
configure:2983:   ./config/config.sub found
configure:2983:   ./config/ltmain.sh found
configure:2983:   ./config/compile found
configure:2983:   ./config/missing found
configure:2965:   ./config/install-sh found
configure:3114: checking for a BSD-compatible install
configure:3187: result: /usr/bin/install -c
configure:3198: checking whether build environment is sane
configure:3253: result: yes
configure:3410: checking for a race-free mkdir -p
configure:3454: result: /usr/bin/mkdir -p
configure:3461: checking for gawk
configure:3496: result: no
configure:3461: checking for mawk
configure:3482: found /usr/bin/mawk
configure:3493: result: mawk
configure:3504: checking whether make sets $(MAKE)
configure:3527: result: yes
configure:3557: checking whether make supports nested variables
configure:3575: result: yes
configure:3825: checking for gcc
configure:3846: found /usr/bin/gcc
configure:3857: result: gcc
configure:4210: checking for C compiler version
configure:4219: gcc --version >&5
gcc (Ubuntu 9.4.0-1ubuntu1~20.04.2) 9.4.0
Copyright (C) 2019 Free Software Foundation, Inc.
This is free software; see the source for copying conditions.  There is NO
warranty; not even for MERCHANTABILITY or FITNESS FOR A PARTICULAR PURPOSE.

configure:4230: $? = 0
configure:4219: gcc -v >&5
Using built-in specs.
COLLECT_GCC=gcc
COLLECT_LTO_WRAPPER=/usr/lib/gcc/x86_64-linux-gnu/9/lto-wrapper
OFFLOAD_TARGET_NAMES=nvptx-none:hsa
OFFLOAD_TARGET_DEFAULT=1
Target: x86_64-linux-gnu
Configured with: ../src/configure -v --with-pkgversion='Ubuntu 9.4.0-1ubuntu1~20.04.2' --with-bugurl=file:///usr/share/doc/gcc-9/README.Bugs --enable-languages=c,ada,c++,go,brig,d,fortran,objc,obj-c++,gm2 --prefix=/usr --with-gcc-major-version-only --program-suffix=-9 --program-prefix=x86_64-linux-gnu- --enable-shared --enable-linker-build-id --libexecdir=/usr/lib --without-included-gettext --enable-threads=posix --libdir=/usr/lib --enable-nls --enable-clocale=gnu --enable-libstdcxx-debug --enable-libstdcxx-time=yes --with-default-libstdcxx-abi=new --enable-gnu-unique-object --disable-vtable-verify --enable-plugin --enable-default-pie --with-system-zlib --with-target-system-zlib=auto --enable-objc-gc=auto --enable-multiarch --disable-werror --with-arch-32=i686 --with-abi=m64 --with-multilib-list=m32,m64,mx32 --enable-multilib --with-tune=generic --enable-offload-targets=nvptx-none=/build/gcc-9-9QDOt0/gcc-9-9.4.0/debian/tmp-nvptx/usr,hsa --without-cuda-driver --enable-checking=release --build=x86_64-linux-gnu --host=x86_64-linux-gnu --target=x86_64-linux-gnu
Thread model: posix
gcc version 9.4.0 (Ubuntu 9.4.0-1ubuntu1~20.04.2) 
configure:4230: $? = 0
configure:4219: gcc -V >&5
gcc: error: unrecognized command line option '-V'
gcc: fatal error: no input files
compilation terminated.
configure:4230: $? = 1
configure:4219: gcc -qversion >&5
gcc: error: unrecognized command line option '-qversion'; did you mean '--version'?
gcc: fatal error: no input files
compilation terminated.
configure:4230: $? = 1
configure:4219: gcc -version >&5
gcc: error: unrecognized command line option '-version'
gcc: fatal error: no input files
compilation terminated.
configure:4230: $? = 1
configure:4250: checking whether the C compiler works
configure:4272: gcc    conftest.c  >&5
configure:4276: $? = 0
configure:4326: result: yes
configure:4329: checking for C compiler default output file name
configure:4331: result: a.out
configure:4337: checking for suffix of executables
configure:4344: gcc -o conftest    conftest.c  >&5
configure:4348: $? = 0
configure:4371: result: 
configure:4393: checking whether we are cross compiling
configure:4401: gcc -o conftest    conftest.c  >&5
configure:4405: $? = 0
configure:4412: ./conftest
configure:4416: $? = 0
configure:4404: result: no
configure:4409: checking for suffix of object files
configure:4432: gcc -c   conftest.c >&5
configure:4436: $? = 0
configure:4458: result: o
configure:4462: checking whether the compiler supports GNU C
configure:4482: gcc -c   conftest.c >&5
configure:4482: $? = 0
configure:4492: result: yes
configure:4503: checking whether gcc accepts -g
configure:4524: gcc -c -g  conftest.c >&5
configure:4524: $? = 0
configure:4568: result: yes
configure:4588: checking for gcc option to enable C11 features
configure:4603: gcc  -c -g -O2  conftest.c >&5
configure:4603: $? = 0
configure:4621: result: none needed
configure:4737: checking whether gcc understands -c and -o together
configure:4760: gcc -c conftest.c -o conftest2.o
configure:4763: $? = 0
configure:4760: gcc -c conftest.c -o conftest2.o
configure:4763: $? = 0
configure:4775: result: yes
configure:4795: checking whether make supports the include directive
configure:4810: make -f confmf.GNU && cat confinc.out
this is the am__doit target
configure:4813: $? = 0
configure:4832: result: yes (GNU style)
configure:4858: checking dependency style of gcc
configure:4970: result: none
configure:5054: checking for g++
configure:5075: found /usr/bin/g++
configure:5086: result: g++
configure:5113: checking for C++ compiler version
configure:5122: g++ --version >&5
g++ (Ubuntu 9.4.0-1ubuntu1~20.04.2) 9.4.0
Copyright (C) 2019 Free Software Foundation, Inc.
This is free software; see the source for copying conditions.  There is NO
warranty; not even for MERCHANTABILITY or FITNESS FOR A PARTICULAR PURPOSE.

configure:5133: $? = 0
configure:5122: g++ -v >&5
Using built-in specs.
COLLECT_GCC=g++
COLLECT_LTO_WRAPPER=/usr/lib/gcc/x86_64-linux-gnu/9/lto-wrapper
OFFLOAD_TARGET_NAMES=nvptx-none:hsa
OFFLOAD_TARGET_DEFAULT=1
Target: x86_64-linux-gnu
Configured with: ../src/configure -v --with-pkgversion='Ubuntu 9.4.0-1ubuntu1~20.04.2' --with-bugurl=file:///usr/share/doc/gcc-9/README.Bugs --enable-languages=c,ada,c++,go,brig,d,fortran,objc,obj-c++,gm2 --prefix=/usr --with-gcc-major-version-only --program-suffix=-9 --program-prefix=x86_64-linux-gnu- --enable-shared --enable-linker-build-id --libexecdir=/usr/lib --without-included-gettext --enable-threads=posix --libdir=/usr/lib --enable-nls --enable-clocale=gnu --enable-libstdcxx-debug --enable-libstdcxx-time=yes --with-default-libstdcxx-abi=new --enable-gnu-unique-object --disable-vtable-verify --enable-plugin --enable-default-pie --with-system-zlib --with-target-system-zlib=auto --enable-objc-gc=auto --enable-multiarch --disable-werror --with-arch-32=i686 --with-abi=m64 --with-multilib-list=m32,m64,mx32 --enable-multilib --with-tune=generic --enable-offload-targets=nvptx-none=/build/gcc-9-9QDOt0/gcc-9-9.4.0/debian/tmp-nvptx/usr,hsa --without-cuda-driver --enable-checking=release --build=x86_64-linux-gnu --host=x86_64-linux-gnu --target=x86_64-linux-gnu
Thread model: posix
gcc version 9.4.0 (Ubuntu 9.4.0-1ubuntu1~20.04.2) 
configure:5133: $? = 0
configure:5122: g++ -V >&5
g++: error: unrecognized command line option '-V'
g++: fatal error: no input files
compilation terminated.
configure:5133: $? = 1
configure:5122: g++ -qversion >&5
g++: error: unrecognized command line option '-qversion'; did you mean '--version'?
g++: fatal error: no input files
compilation terminated.
configure:5133: $? = 1
configure:5137: checking whether the compiler supports GNU C++
configure:5157: g++ -c   conftest.cpp >&5
configure:5157: $? = 0
configure:5167: result: yes
configure:5178: checking whether g++ accepts -g
configure:5199: g++ -c -g  conftest.cpp >&5
configure:5199: $? = 0
configure:5243: result: yes
configure:5263: checking for g++ option to enable C++11 features
configure:5278: g++  -c -g -O2  conftest.cpp >&5
configure:5278: $? = 0
configure:5296: result: none needed
configure:5362: checking dependency style of g++
configure:5474: result: none
configure:5490: checking for an ANSI C-conforming const
configure:5557: gcc -c -g -O2  conftest.c >&5
configure:5557: $? = 0
configure:5565: result: yes
configure:5577: checking for stdio.h
configure:5577: gcc -c -g -O2  conftest.c >&5
configure:5577: $? = 0
configure:5577: result: yes
configure:5577: checking for stdlib.h
configure:5577: gcc -c -g -O2  conftest.c >&5
configure:5577: $? = 0
configure:5577: result: yes
configure:5577: checking for string.h
configure:5577: gcc -c -g -O2  conftest.c >&5
configure:5577: $? = 0
configure:5577: result: yes
configure:5577: checking for inttypes.h
configure:5577: gcc -c -g -O2  conftest.c >&5
configure:5577: $? = 0
configure:5577: result: yes
configure:5577: checking for stdint.h
configure:5577: gcc -c -g -O2  conftest.c >&5
configure:5577: $? = 0
configure:5577: result: yes
configure:5577: checking for strings.h
configure:5577: gcc -c -g -O2  conftest.c >&5
configure:5577: $? = 0
configure:5577: result: yes
configure:5577: checking for sys/stat.h
configure:5577: gcc -c -g -O2  conftest.c >&5
configure:5577: $? = 0
configure:5577: result: yes
configure:5577: checking for sys/types.h
configure:5577: gcc -c -g -O2  conftest.c >&5
configure:5577: $? = 0
configure:5577: result: yes
configure:5577: checking for unistd.h
configure:5577: gcc -c -g -O2  conftest.c >&5
configure:5577: $? = 0
configure:5577: result: yes
configure:5602: checking whether byte ordering is bigendian
configure:5618: gcc -c -g -O2  conftest.c >&5
conftest.c:23:9: error: unknown type name 'not'
   23 |         not a universal capable compiler
      |         ^~~
conftest.c:23:15: error: expected '=', ',', ';', 'asm' or '__attribute__' before 'universal'
   23 |         not a universal capable compiler
      |               ^~~~~~~~~
conftest.c:23:15: error: unknown type name 'universal'
configure:5618: $? = 1
configure: failed program was:
| /* confdefs.h */
| #define PACKAGE_NAME "libzdb"
| #define PACKAGE_TARNAME "libzdb"
| #define PACKAGE_VERSION "3.2.3"
| #define PACKAGE_STRING "libzdb 3.2.3"
| #define PACKAGE_BUGREPORT "bugs-libzdb@tildeslash.com"
| #define PACKAGE_URL ""
| #define PACKAGE "libzdb"
| #define VERSION "3.2.3"
| #define LINUX 1
| #define HAVE_STDIO_H 1
| #define HAVE_STDLIB_H 1
| #define HAVE_STRING_H 1
| #define HAVE_INTTYPES_H 1
| #define HAVE_STDINT_H 1
| #define HAVE_STRINGS_H 1
| #define HAVE_SYS_STAT_H 1
| #define HAVE_SYS_TYPES_H 1
| #define HAVE_UNISTD_H 1
| #define STDC_HEADERS 1
| /* end confdefs.h.  */
| #ifndef __APPLE_CC__
| 	       not a universal capable compiler
| 	     #endif
| 	     typedef int dummy;
| 
configure:5664: gcc -c -g -O2  conftest.c >&5
configure:5664: $? = 0
configure:5683: gcc -c -g -O2  conftest.c >&5
conftest.c: In function 'main':
conftest.c:29:4: error: unknown type name 'not'; did you mean 'ino_t'?
   29 |    not big endian
      |    ^~~
      |    ino_t
conftest.c:29:12: error: expected '=', ',', ';', 'asm' or '__attribute__' before 'endian'
   29 |    not big endian
      |            ^~~~~~
configure:5683: $? = 1
configure: failed program was:
| /* confdefs.h */
| #define PACKAGE_NAME "libzdb"
| #define PACKAGE_TARNAME "libzdb"
| #define PACKAGE_VERSION "3.2.3"
| #define PACKAGE_STRING "libzdb 3.2.3"
| #define PACKAGE_BUGREPORT "bugs-libzdb@tildeslash.com"
| #define PACKAGE_URL ""
| #define PACKAGE "libzdb"
| #define VERSION "3.2.3"
| #define LINUX 1
| #define HAVE_STDIO_H 1
| #define HAVE_STDLIB_H 1
| #define HAVE_STRING_H 1
| #define HAVE_INTTYPES_H 1
| #define HAVE_STDINT_H 1
| #define HAVE_STRINGS_H 1
| #define HAVE_SYS_STAT_H 1
| #define HAVE_SYS_TYPES_H 1
| #define HAVE_UNISTD_H 1
| #define STDC_HEADERS 1
| /* end confdefs.h.  */
| #include <sys/types.h>
| 		#include <sys/param.h>
| 
| int
| main (void)
| {
| #if BYTE_ORDER != BIG_ENDIAN
| 		 not big endian
| 		#endif
| 
|   ;
|   return 0;
| }
configure:5817: result: no
configure:5855: gcc -c -Wno-pointer-sign -g -O2 -D_GNU_SOURCE -Wall -Wunused -Wno-unused-label -funsigned-char  conftest.c >&5
configure:5855: $? = 0
configure:5876: gcc -c -Wno-address -Wno-pointer-sign -g -O2 -D_GNU_SOURCE -Wall -Wunused -Wno-unused-label -funsigned-char  conftest.c >&5
configure:5876: $? = 0
configure:5909: gcc -o conftest -Wno-address -Wno-pointer-sign -g -O2 -D_GNU_SOURCE -Wall -Wunused -Wno-unused-label -funsigned-char   conftest.c  >&5
configure:5909: $? = 0
configure:5909: ./conftest
configure:5909: $? = 0
configure:5922: checking for stdint.h
configure:5922: result: yes
configure:5922: checking for stdbool.h
configure:5922: gcc -c -Wno-address -Wno-pointer-sign -g -O2 -D_GNU_SOURCE -Wall -Wunused -Wno-unused-label -funsigned-char -std=c11  conftest.c >&5
configure:5922: $? = 0
configure:5922: result: yes
configure:5934: checking for stdatomic.h
configure:5934: gcc -c -Wno-address -Wno-pointer-sign -g -O2 -D_GNU_SOURCE -Wall -Wunused -Wno-unused-label -funsigned-char -std=c11  conftest.c >&5
configure:5934: $? = 0
configure:5934: result: yes
configure:5948: checking for re2c
configure:5985: result: no
configure:6003: checking for flex
configure:6024: found /usr/bin/flex
configure:6035: result: flex
configure:6084: checking for lex output file root
configure:6097: flex conftest.l
configure:6101: $? = 0
configure:6109: result: lex.yy
configure:6124: checking for lex library
configure:6149: gcc -o conftest -Wno-address -Wno-pointer-sign -g -O2 -D_GNU_SOURCE -Wall -Wunused -Wno-unused-label -funsigned-char -std=c11   conftest.c  >&5
configure:6149: $? = 0
configure:6162: result: none needed
configure:6182: checking whether yytext is a pointer
configure:6198: gcc -c -Wno-address -Wno-pointer-sign -g -O2 -D_GNU_SOURCE -Wall -Wunused -Wno-unused-label -funsigned-char -std=c11  conftest.c >&5
configure:6198: $? = 0
configure:6205: result: yes
configure:6159: checking build system type
configure:6174: result: x86_64-pc-linux-gnu
configure:6194: checking host system type
configure:6208: result: x86_64-pc-linux-gnu
configure:6249: checking how to print strings
configure:6276: result: printf
configure:6297: checking for a sed that does not truncate output
configure:6367: result: /usr/bin/sed
configure:6385: checking for grep that handles long lines and -e
configure:6449: result: /usr/bin/grep
configure:6454: checking for egrep
configure:6522: result: /usr/bin/grep -E
configure:6527: checking for fgrep
configure:6595: result: /usr/bin/grep -F
configure:6631: checking for ld used by gcc
configure:6699: result: /usr/bin/ld
configure:6706: checking if the linker (/usr/bin/ld) is GNU ld
configure:6722: result: yes
configure:6734: checking for BSD- or MS-compatible name lister (nm)
configure:6789: result: /usr/bin/nm -B
configure:6929: checking the name lister (/usr/bin/nm -B) interface
configure:6937: gcc -c -Wno-address -Wno-pointer-sign -g -O2 -D_GNU_SOURCE -Wall -Wunused -Wno-unused-label -funsigned-char -std=c11  conftest.c >&5
configure:6940: /usr/bin/nm -B "conftest.o"
configure:6943: output
0000000000000000 B some_variable
configure:6944: result: BSD nm
configure:6947: checking whether ln -s works
configure:6951: result: yes
configure:6959: checking the maximum length of command line arguments
configure:7091: result: 1572864
configure:7139: checking how to convert x86_64-pc-linux-gnu file names to x86_64-pc-linux-gnu format
configure:7180: result: func_convert_file_noop
configure:7187: checking how to convert x86_64-pc-linux-gnu file names to toolchain format
configure:7208: result: func_convert_file_noop
configure:7215: checking for /usr/bin/ld option to reload object files
configure:7223: result: -r
configure:7302: checking for file
configure:7323: found /usr/bin/file
configure:7334: result: file
configure:7410: checking for objdump
configure:7431: found /usr/bin/objdump
configure:7442: result: objdump
configure:7474: checking how to recognize dependent libraries
configure:7675: result: pass_all
configure:7765: checking for dlltool
configure:7800: result: no
configure:7830: checking how to associate runtime and link libraries
configure:7858: result: printf %s\n
configure:7923: checking for ar
configure:7944: found /usr/bin/ar
configure:7955: result: ar
configure:8008: checking for archiver @FILE support
configure:8026: gcc -c -Wno-address -Wno-pointer-sign -g -O2 -D_GNU_SOURCE -Wall -Wunused -Wno-unused-label -funsigned-char -std=c11  conftest.c >&5
configure:8026: $? = 0
configure:8030: ar cr libconftest.a @conftest.lst >&5
configure:8033: $? = 0
configure:8038: ar cr libconftest.a @conftest.lst >&5
ar: conftest.o: No such file or directory
configure:8041: $? = 1
configure:8040: result: @
configure:8103: checking for strip
configure:8124: found /usr/bin/strip
configure:8135: result: strip
configure:8212: checking for ranlib
configure:8233: found /usr/bin/ranlib
configure:8244: result: ranlib
configure:8346: checking command to parse /usr/bin/nm -B output from gcc object
configure:8500: gcc -c -Wno-address -Wno-pointer-sign -g -O2 -D_GNU_SOURCE -Wall -Wunused -Wno-unused-label -funsigned-char -std=c11  conftest.c >&5
configure:8503: $? = 0
configure:8507: /usr/bin/nm -B conftest.o \| /usr/bin/sed -n -e 's/^.*[ ]\([ABCDGIRSTW][ABCDGIRSTW]*\)[ ][ ]*\([_A-Za-z][_A-Za-z0-9]*\)$/\1 \2 \2/p' | /usr/bin/sed '/ __gnu_lto/d' \> conftest.nm
configure:8510: $? = 0
configure:8576: gcc -o conftest -Wno-address -Wno-pointer-sign -g -O2 -D_GNU_SOURCE -Wall -Wunused -Wno-unused-label -funsigned-char -std=c11   conftest.c conftstm.o >&5
configure:8579: $? = 0
configure:8617: result: ok
configure:8664: checking for sysroot
configure:8695: result: no
configure:8702: checking for a working dd
configure:8746: result: /usr/bin/dd
configure:8750: checking how to truncate binary pipes
configure:8766: result: /usr/bin/dd bs=4096 count=1
configure:8903: gcc -c -Wno-address -Wno-pointer-sign -g -O2 -D_GNU_SOURCE -Wall -Wunused -Wno-unused-label -funsigned-char -std=c11  conftest.c >&5
configure:8906: $? = 0
configure:9103: checking for mt
configure:9124: found /usr/bin/mt
configure:9135: result: mt
configure:9158: checking if mt is a manifest tool
configure:9165: mt '-?'
configure:9173: result: no
configure:9894: checking for dlfcn.h
configure:9894: gcc -c -Wno-address -Wno-pointer-sign -g -O2 -D_GNU_SOURCE -Wall -Wunused -Wno-unused-label -funsigned-char -std=c11  conftest.c >&5
configure:9894: $? = 0
configure:9894: result: yes
configure:10164: checking for objdir
configure:10180: result: .libs
configure:10444: checking if gcc supports -fno-rtti -fno-exceptions
configure:10463: gcc -c -Wno-address -Wno-pointer-sign -g -O2 -D_GNU_SOURCE -Wall -Wunused -Wno-unused-label -funsigned-char -std=c11  -fno-rtti -fno-exceptions conftest.c >&5
cc1: warning: command line option '-fno-rtti' is valid for C++/D/ObjC++ but not for C
configure:10467: $? = 0
configure:10480: result: no
configure:10838: checking for gcc option to produce PIC
configure:10846: result: -fPIC -DPIC
configure:10854: checking if gcc PIC flag -fPIC -DPIC works
configure:10873: gcc -c -Wno-address -Wno-pointer-sign -g -O2 -D_GNU_SOURCE -Wall -Wunused -Wno-unused-label -funsigned-char -std=c11  -fPIC -DPIC -DPIC conftest.c >&5
configure:10877: $? = 0
configure:10890: result: yes
configure:10919: checking if gcc static flag -static works
configure:10948: result: yes
configure:10963: checking if gcc supports -c -o file.o
configure:10985: gcc -c -Wno-address -Wno-pointer-sign -g -O2 -D_GNU_SOURCE -Wall -Wunused -Wno-unused-label -funsigned-char -std=c11  -o out/conftest2.o conftest.c >&5
configure:10989: $? = 0
configure:11011: result: yes
configure:11019: checking if gcc supports -c -o file.o
configure:11067: result: yes
configure:11100: checking whether the gcc linker (/usr/bin/ld -m elf_x86_64) supports shared libraries
configure:12368: result: yes
configure:12405: checking whether -lc should be explicitly linked in
configure:12414: gcc -c -Wno-address -Wno-pointer-sign -g -O2 -D_GNU_SOURCE -Wall -Wunused -Wno-unused-label -funsigned-char -std=c11  conftest.c >&5
configure:12417: $? = 0
configure:12432: gcc -shared  -fPIC -DPIC conftest.o  -v -Wl,-soname -Wl,conftest -o conftest 2\>\&1 \| /usr/bin/grep  -lc  \>/dev/null 2\>\&1
configure:12435: $? = 0
configure:12449: result: no
configure:12609: checking dynamic linker characteristics
configure:13191: gcc -o conftest -Wno-address -Wno-pointer-sign -g -O2 -D_GNU_SOURCE -Wall -Wunused -Wno-unused-label -funsigned-char -std=c11   -Wl,-rpath -Wl,/foo conftest.c  >&5
configure:13191: $? = 0
configure:13430: result: GNU/Linux ld.so
configure:13552: checking how to hardcode library paths into programs
configure:13577: result: immediate
configure:14129: checking whether stripping libraries is possible
configure:14138: result: yes
configure:14180: checking if libtool supports shared libraries
configure:14182: result: yes
configure:14185: checking whether to build shared libraries
configure:14210: result: yes
configure:14213: checking whether to build static libraries
configure:14217: result: yes
configure:11003: checking how to run the C++ preprocessor
configure:11025: g++ -E  conftest.cpp
configure:11025: $? = 0
configure:11040: g++ -E  conftest.cpp
conftest.cpp:28:10: fatal error: ac_nonexistent.h: No such file or directory
   28 | #include <ac_nonexistent.h>
      |          ^~~~~~~~~~~~~~~~~~
compilation terminated.
configure:11040: $? = 1
configure: failed program was:
| /* confdefs.h */
| #define PACKAGE_NAME "libzdb"
| #define PACKAGE_TARNAME "libzdb"
| #define PACKAGE_VERSION "3.2.3"
| #define PACKAGE_STRING "libzdb 3.2.3"
| #define PACKAGE_BUGREPORT "bugs-libzdb@tildeslash.com"
| #define PACKAGE_URL ""
| #define PACKAGE "libzdb"
| #define VERSION "3.2.3"
| #define LINUX 1
| #define HAVE_STDIO_H 1
| #define HAVE_STDLIB_H 1
| #define HAVE_STRING_H 1
| #define HAVE_INTTYPES_H 1
| #define HAVE_STDINT_H 1
| #define HAVE_STRINGS_H 1
| #define HAVE_SYS_STAT_H 1
| #define HAVE_SYS_TYPES_H 1
| #define HAVE_UNISTD_H 1
| #define STDC_HEADERS 1
| #define HAVE_STDINT_H 1
| #define HAVE_STDBOOL_H 1
| #define HAVE_STDATOMIC_H 1
| #define YYTEXT_POINTER 1
| #define HAVE_DLFCN_H 1
| #define LT_OBJDIR ".libs/"
| /* end confdefs.h.  */
| #include <ac_nonexistent.h>
configure:11067: result: g++ -E
configure:11081: g++ -E  conftest.cpp
configure:11081: $? = 0
configure:11096: g++ -E  conftest.cpp
conftest.cpp:28:10: fatal error: ac_nonexistent.h: No such file or directory
   28 | #include <ac_nonexistent.h>
      |          ^~~~~~~~~~~~~~~~~~
compilation terminated.
configure:11096: $? = 1
configure: failed program was:
| /* confdefs.h */
| #define PACKAGE_NAME "libzdb"
| #define PACKAGE_TARNAME "libzdb"
| #define PACKAGE_VERSION "3.2.3"
| #define PACKAGE_STRING "libzdb 3.2.3"
| #define PACKAGE_BUGREPORT "bugs-libzdb@tildeslash.com"
| #define PACKAGE_URL ""
| #define PACKAGE "libzdb"
| #define VERSION "3.2.3"
| #define LINUX 1
| #define HAVE_STDIO_H 1
| #define HAVE_STDLIB_H 1
| #define HAVE_STRING_H 1
| #define HAVE_INTTYPES_H 1
| #define HAVE_STDINT_H 1
| #define HAVE_STRINGS_H 1
| #define HAVE_SYS_STAT_H 1
| #define HAVE_SYS_TYPES_H 1
| #define HAVE_UNISTD_H 1
| #define STDC_HEADERS 1
| #define HAVE_STDINT_H 1
| #define HAVE_STDBOOL_H 1
| #define HAVE_STDATOMIC_H 1
| #define YYTEXT_POINTER 1
| #define HAVE_DLFCN_H 1
| #define LT_OBJDIR ".libs/"
| /* end confdefs.h.  */
| #include <ac_nonexistent.h>
configure:11261: checking for ld used by g++
configure:11329: result: /usr/bin/ld -m elf_x86_64
configure:11336: checking if the linker (/usr/bin/ld -m elf_x86_64) is GNU ld
configure:11352: result: yes
configure:11407: checking whether the g++ linker (/usr/bin/ld -m elf_x86_64) supports shared libraries
configure:12485: result: yes
configure:12521: g++ -c -g -O2  conftest.cpp >&5
configure:12524: $? = 0
configure:13005: checking for g++ option to produce PIC
configure:13013: result: -fPIC -DPIC
configure:13021: checking if g++ PIC flag -fPIC -DPIC works
configure:13040: g++ -c -g -O2  -fPIC -DPIC -DPIC conftest.cpp >&5
configure:13044: $? = 0
configure:13057: result: yes
configure:13080: checking if g++ static flag -static works
configure:13109: result: yes
configure:13121: checking if g++ supports -c -o file.o
configure:13143: g++ -c -g -O2  -o out/conftest2.o conftest.cpp >&5
configure:13147: $? = 0
configure:13169: result: yes
configure:13174: checking if g++ supports -c -o file.o
configure:13222: result: yes
configure:13252: checking whether the g++ linker (/usr/bin/ld -m elf_x86_64) supports shared libraries
configure:13292: result: yes
configure:13434: checking dynamic linker characteristics
configure:14182: result: GNU/Linux ld.so
configure:14247: checking how to hardcode library paths into programs
configure:14272: result: immediate
configure:13461: checking setjmp is available
configure:13482: gcc -o conftest -Wno-address -Wno-pointer-sign -g -O2 -D_GNU_SOURCE -Wall -Wunused -Wno-unused-label -funsigned-char -std=c11   conftest.c  >&5
configure:13482: $? = 0
configure:13482: ./conftest
configure:13482: $? = 0
configure:13484: result: yes
configure:13497: result: 
configure:13501: checking vsnprintf is c11 conformant
configure:13523: gcc -o conftest -Wno-address -Wno-pointer-sign -g -O2 -D_GNU_SOURCE -Wall -Wunused -Wno-unused-label -funsigned-char -std=c11   conftest.c  >&5
conftest.c: In function 'main':
conftest.c:33:50: warning: 'hello' directive output truncated writing 5 bytes into a region of size 1 [-Wformat-truncation=]
   33 | char t[1]; va_list ap; int n = vsnprintf(t, 1, "hello", ap); if(n == 5) return 0;return 1;
      |                                                 ~^~~~
In file included from /usr/include/stdio.h:867,
                 from conftest.c:29:
/usr/include/x86_64-linux-gnu/bits/stdio2.h:80:10: note: '__builtin_vsnprintf' output 6 bytes into a destination of size 1
   80 |   return __builtin___vsnprintf_chk (__s, __n, __USE_FORTIFY_LEVEL - 1,
      |          ^~~~~~~~~~~~~~~~~~~~~~~~~~~~~~~~~~~~~~~~~~~~~~~~~~~~~~~~~~~~~
   81 |         __bos (__s), __fmt, __ap);
      |         ~~~~~~~~~~~~~~~~~~~~~~~~~
configure:13523: $? = 0
configure:13523: ./conftest
configure:13523: $? = 0
configure:13525: result: yes
configure:13538: result: 
configure:13541: checking for timegm
configure:13541: gcc -o conftest -Wno-address -Wno-pointer-sign -g -O2 -D_GNU_SOURCE -Wall -Wunused -Wno-unused-label -funsigned-char -std=c11   conftest.c  >&5
configure:13541: $? = 0
configure:13541: result: yes
configure:13553: checking for library containing pthread_create
configure:13583: gcc -o conftest -Wno-address -Wno-pointer-sign -g -O2 -D_GNU_SOURCE -Wall -Wunused -Wno-unused-label -funsigned-char -std=c11   conftest.c  >&5
/usr/bin/ld: /tmp/ccT97DAx.o: in function `main':
/home/dyy/libzdb-3.2.3/conftest.c:37: undefined reference to `pthread_create'
collect2: error: ld returned 1 exit status
configure:13583: $? = 1
configure: failed program was:
| /* confdefs.h */
| #define PACKAGE_NAME "libzdb"
| #define PACKAGE_TARNAME "libzdb"
| #define PACKAGE_VERSION "3.2.3"
| #define PACKAGE_STRING "libzdb 3.2.3"
| #define PACKAGE_BUGREPORT "bugs-libzdb@tildeslash.com"
| #define PACKAGE_URL ""
| #define PACKAGE "libzdb"
| #define VERSION "3.2.3"
| #define LINUX 1
| #define HAVE_STDIO_H 1
| #define HAVE_STDLIB_H 1
| #define HAVE_STRING_H 1
| #define HAVE_INTTYPES_H 1
| #define HAVE_STDINT_H 1
| #define HAVE_STRINGS_H 1
| #define HAVE_SYS_STAT_H 1
| #define HAVE_SYS_TYPES_H 1
| #define HAVE_UNISTD_H 1
| #define STDC_HEADERS 1
| #define HAVE_STDINT_H 1
| #define HAVE_STDBOOL_H 1
| #define HAVE_STDATOMIC_H 1
| #define YYTEXT_POINTER 1
| #define HAVE_DLFCN_H 1
| #define LT_OBJDIR ".libs/"
| #define HAVE_TIMEGM 1
| /* end confdefs.h.  */
| 
| /* Override any GCC internal prototype to avoid an error.
|    Use char because int might match the return type of a GCC
|    builtin and then its argument prototype would still apply.  */
| char pthread_create ();
| int
| main (void)
| {
| return pthread_create ();
|   ;
|   return 0;
| }
configure:13583: gcc -o conftest -Wno-address -Wno-pointer-sign -g -O2 -D_GNU_SOURCE -Wall -Wunused -Wno-unused-label -funsigned-char -std=c11   conftest.c -lpthread   >&5
configure:13583: $? = 0
configure:13603: result: -lpthread
configure:13674: checking for postgresql
configure:13717: result: yes
configure:13622: checking for pg_config
configure:13659: result: no
configure:13669: WARNING: pg_config is required to build libzdb with postgresql
configure:13762: checking for SQLite3
configure:13937: result: yes
configure:13939: checking for library containing sqlite3_open
configure:13969: gcc -o conftest -Wno-address -Wno-pointer-sign -g -O2 -D_GNU_SOURCE -Wall -Wunused -Wno-unused-label -funsigned-char -std=c11   conftest.c -lpthread  >&5
/usr/bin/ld: /tmp/ccnrioGi.o: in function `main':
/home/dyy/libzdb-3.2.3/conftest.c:37: undefined reference to `sqlite3_open'
collect2: error: ld returned 1 exit status
configure:13969: $? = 1
configure: failed program was:
| /* confdefs.h */
| #define PACKAGE_NAME "libzdb"
| #define PACKAGE_TARNAME "libzdb"
| #define PACKAGE_VERSION "3.2.3"
| #define PACKAGE_STRING "libzdb 3.2.3"
| #define PACKAGE_BUGREPORT "bugs-libzdb@tildeslash.com"
| #define PACKAGE_URL ""
| #define PACKAGE "libzdb"
| #define VERSION "3.2.3"
| #define LINUX 1
| #define HAVE_STDIO_H 1
| #define HAVE_STDLIB_H 1
| #define HAVE_STRING_H 1
| #define HAVE_INTTYPES_H 1
| #define HAVE_STDINT_H 1
| #define HAVE_STRINGS_H 1
| #define HAVE_SYS_STAT_H 1
| #define HAVE_SYS_TYPES_H 1
| #define HAVE_UNISTD_H 1
| #define STDC_HEADERS 1
| #define HAVE_STDINT_H 1
| #define HAVE_STDBOOL_H 1
| #define HAVE_STDATOMIC_H 1
| #define YYTEXT_POINTER 1
| #define HAVE_DLFCN_H 1
| #define LT_OBJDIR ".libs/"
| #define HAVE_TIMEGM 1
| /* end confdefs.h.  */
| 
| /* Override any GCC internal prototype to avoid an error.
|    Use char because int might match the return type of a GCC
|    builtin and then its argument prototype would still apply.  */
| char sqlite3_open ();
| int
| main (void)
| {
| return sqlite3_open ();
|   ;
|   return 0;
| }
configure:13969: gcc -o conftest -Wno-address -Wno-pointer-sign -g -O2 -D_GNU_SOURCE -Wall -Wunused -Wno-unused-label -funsigned-char -std=c11   conftest.c -lsqlite3  -lpthread  >&5
/usr/bin/ld: cannot find -lsqlite3
collect2: error: ld returned 1 exit status
configure:13969: $? = 1
configure: failed program was:
| /* confdefs.h */
| #define PACKAGE_NAME "libzdb"
| #define PACKAGE_TARNAME "libzdb"
| #define PACKAGE_VERSION "3.2.3"
| #define PACKAGE_STRING "libzdb 3.2.3"
| #define PACKAGE_BUGREPORT "bugs-libzdb@tildeslash.com"
| #define PACKAGE_URL ""
| #define PACKAGE "libzdb"
| #define VERSION "3.2.3"
| #define LINUX 1
| #define HAVE_STDIO_H 1
| #define HAVE_STDLIB_H 1
| #define HAVE_STRING_H 1
| #define HAVE_INTTYPES_H 1
| #define HAVE_STDINT_H 1
| #define HAVE_STRINGS_H 1
| #define HAVE_SYS_STAT_H 1
| #define HAVE_SYS_TYPES_H 1
| #define HAVE_UNISTD_H 1
| #define STDC_HEADERS 1
| #define HAVE_STDINT_H 1
| #define HAVE_STDBOOL_H 1
| #define HAVE_STDATOMIC_H 1
| #define YYTEXT_POINTER 1
| #define HAVE_DLFCN_H 1
| #define LT_OBJDIR ".libs/"
| #define HAVE_TIMEGM 1
| /* end confdefs.h.  */
| 
| /* Override any GCC internal prototype to avoid an error.
|    Use char because int might match the return type of a GCC
|    builtin and then its argument prototype would still apply.  */
| char sqlite3_open ();
| int
| main (void)
| {
| return sqlite3_open ();
|   ;
|   return 0;
| }
configure:13989: result: no
configure:14257: checking for mysql
configure:14269: result: yes
configure:14272: checking for /usr/bin/mysql_config
configure:14287: result: yes
configure:14313: checking for mysql.h
configure:14313: gcc -c -Wno-address -Wno-pointer-sign -g -O2 -D_GNU_SOURCE -Wall -Wunused -Wno-unused-label -funsigned-char -std=c11 -I/usr/include/mysql  conftest.c >&5
configure:14313: $? = 0
configure:14313: result: yes
configure:14344: checking for oracle
configure:14653: checking if Oracle support is enabled
configure:14667: result: no
configure:14700: checking for uchar_t
configure:14700: gcc -c -Wno-address -Wno-pointer-sign -g -O2 -D_GNU_SOURCE -Wall -Wunused -Wno-unused-label -funsigned-char -std=c11 -I/usr/include/mysql  conftest.c >&5
conftest.c: In function 'main':
conftest.c:62:13: error: 'uchar_t' undeclared (first use in this function); did you mean 'wchar_t'?
   62 | if (sizeof (uchar_t))
      |             ^~~~~~~
      |             wchar_t
conftest.c:62:13: note: each undeclared identifier is reported only once for each function it appears in
configure:14700: $? = 1
configure: failed program was:
| /* confdefs.h */
| #define PACKAGE_NAME "libzdb"
| #define PACKAGE_TARNAME "libzdb"
| #define PACKAGE_VERSION "3.2.3"
| #define PACKAGE_STRING "libzdb 3.2.3"
| #define PACKAGE_BUGREPORT "bugs-libzdb@tildeslash.com"
| #define PACKAGE_URL ""
| #define PACKAGE "libzdb"
| #define VERSION "3.2.3"
| #define LINUX 1
| #define HAVE_STDIO_H 1
| #define HAVE_STDLIB_H 1
| #define HAVE_STRING_H 1
| #define HAVE_INTTYPES_H 1
| #define HAVE_STDINT_H 1
| #define HAVE_STRINGS_H 1
| #define HAVE_SYS_STAT_H 1
| #define HAVE_SYS_TYPES_H 1
| #define HAVE_UNISTD_H 1
| #define STDC_HEADERS 1
| #define HAVE_STDINT_H 1
| #define HAVE_STDBOOL_H 1
| #define HAVE_STDATOMIC_H 1
| #define YYTEXT_POINTER 1
| #define HAVE_DLFCN_H 1
| #define LT_OBJDIR ".libs/"
| #define HAVE_TIMEGM 1
| #define HAVE_MYSQL_H 1
| #define HAVE_LIBMYSQLCLIENT 1
| /* end confdefs.h.  */
| #include <stddef.h>
| #ifdef HAVE_STDIO_H
| # include <stdio.h>
| #endif
| #ifdef HAVE_STDLIB_H
| # include <stdlib.h>
| #endif
| #ifdef HAVE_STRING_H
| # include <string.h>
| #endif
| #ifdef HAVE_INTTYPES_H
| # include <inttypes.h>
| #endif
| #ifdef HAVE_STDINT_H
| # include <stdint.h>
| #endif
| #ifdef HAVE_STRINGS_H
| # include <strings.h>
| #endif
| #ifdef HAVE_SYS_TYPES_H
| # include <sys/types.h>
| #endif
| #ifdef HAVE_SYS_STAT_H
| # include <sys/stat.h>
| #endif
| #ifdef HAVE_UNISTD_H
| # include <unistd.h>
| #endif
| int
| main (void)
| {
| if (sizeof (uchar_t))
| 	 return 0;
|   ;
|   return 0;
| }
configure:14700: result: no
configure:14709: checking for struct tm.tm_gmtoff
configure:14709: gcc -c -Wno-address -Wno-pointer-sign -g -O2 -D_GNU_SOURCE -Wall -Wunused -Wno-unused-label -funsigned-char -std=c11 -I/usr/include/mysql  conftest.c >&5
configure:14709: $? = 0
configure:14709: result: yes
configure:14829: checking that generated files are newer than configure
configure:14835: result: done
configure:14883: creating ./config.status

## ---------------------- ##
## Running config.status. ##
## ---------------------- ##

This file was extended by libzdb config.status 3.2.3, which was
generated by GNU Autoconf 2.71.  Invocation command line was

  CONFIG_FILES    = 
  CONFIG_HEADERS  = 
  CONFIG_LINKS    = 
  CONFIG_COMMANDS = 
  $ ./config.status 

on dyy-HP-ProDesk-480-G7-PCI-Microtower-PC

config.status:1175: creating Makefile
config.status:1175: creating test/Makefile
config.status:1175: creating zdb.pc
config.status:1175: creating src/xconfig.h
config.status:1356: src/xconfig.h is unchanged
config.status:1404: executing libtool_patch commands
config.status:1404: executing depfiles commands
config.status:1404: executing libtool commands

## ---------------- ##
## Cache variables. ##
## ---------------- ##

ac_cv_build=x86_64-pc-linux-gnu
ac_cv_c_bigendian=no
ac_cv_c_compiler_gnu=yes
ac_cv_c_const=yes
ac_cv_cxx_compiler_gnu=yes
ac_cv_env_CCC_set=
ac_cv_env_CCC_value=
ac_cv_env_CC_set=
ac_cv_env_CC_value=
ac_cv_env_CFLAGS_set=
ac_cv_env_CFLAGS_value=
ac_cv_env_CPPFLAGS_set=
ac_cv_env_CPPFLAGS_value=
ac_cv_env_CXXCPP_set=
ac_cv_env_CXXCPP_value=
ac_cv_env_CXXFLAGS_set=
ac_cv_env_CXXFLAGS_value=
ac_cv_env_CXX_set=
ac_cv_env_CXX_value=
ac_cv_env_LDFLAGS_set=
ac_cv_env_LDFLAGS_value=
ac_cv_env_LIBS_set=
ac_cv_env_LIBS_value=
ac_cv_env_LT_SYS_LIBRARY_PATH_set=
ac_cv_env_LT_SYS_LIBRARY_PATH_value=
ac_cv_env_build_alias_set=
ac_cv_env_build_alias_value=
ac_cv_env_host_alias_set=
ac_cv_env_host_alias_value=
ac_cv_env_target_alias_set=
ac_cv_env_target_alias_value=
ac_cv_file__usr_bin_mysql_config=yes
ac_cv_func_timegm=yes
ac_cv_header_dlfcn_h=yes
ac_cv_header_inttypes_h=yes
ac_cv_header_mysql_h=yes
ac_cv_header_stdatomic_h=yes
ac_cv_header_stdbool_h=yes
ac_cv_header_stdint_h=yes
ac_cv_header_stdio_h=yes
ac_cv_header_stdlib_h=yes
ac_cv_header_string_h=yes
ac_cv_header_strings_h=yes
ac_cv_header_sys_stat_h=yes
ac_cv_header_sys_types_h=yes
ac_cv_header_unistd_h=yes
ac_cv_host=x86_64-pc-linux-gnu
ac_cv_lib_lex='none needed'
ac_cv_member_struct_tm_tm_gmtoff=yes
ac_cv_objext=o
ac_cv_path_EGREP='/usr/bin/grep -E'
ac_cv_path_FGREP='/usr/bin/grep -F'
ac_cv_path_GREP=/usr/bin/grep
ac_cv_path_PGCONFIG=no
ac_cv_path_RE2C=no
ac_cv_path_SED=/usr/bin/sed
ac_cv_path_install='/usr/bin/install -c'
ac_cv_path_lt_DD=/usr/bin/dd
ac_cv_path_mkdir=/usr/bin/mkdir
ac_cv_prog_AWK=mawk
ac_cv_prog_CXXCPP='g++ -E'
ac_cv_prog_LEX=flex
ac_cv_prog_ac_ct_AR=ar
ac_cv_prog_ac_ct_CC=gcc
ac_cv_prog_ac_ct_CXX=g++
ac_cv_prog_ac_ct_FILECMD=file
ac_cv_prog_ac_ct_MANIFEST_TOOL=mt
ac_cv_prog_ac_ct_OBJDUMP=objdump
ac_cv_prog_ac_ct_RANLIB=ranlib
ac_cv_prog_ac_ct_STRIP=strip
ac_cv_prog_cc_c11=
ac_cv_prog_cc_g=yes
ac_cv_prog_cc_stdc=
ac_cv_prog_cxx_11=no
ac_cv_prog_cxx_cxx11=
ac_cv_prog_cxx_g=yes
ac_cv_prog_cxx_stdcxx=
ac_cv_prog_lex_root=lex.yy
ac_cv_prog_lex_yytext_pointer=yes
ac_cv_prog_make_make_set=yes
ac_cv_search_pthread_create=-lpthread
ac_cv_search_sqlite3_open=no
ac_cv_type_uchar_t=no
am_cv_CC_dependencies_compiler_type=none
am_cv_CXX_dependencies_compiler_type=none
am_cv_make_support_nested_variables=yes
am_cv_prog_cc_c_o=yes
lt_cv_ar_at_file=@
lt_cv_archive_cmds_need_lc=no
lt_cv_deplibs_check_method=pass_all
lt_cv_file_magic_cmd='$MAGIC_CMD'
lt_cv_file_magic_test_file=
lt_cv_ld_reload_flag=-r
lt_cv_nm_interface='BSD nm'
lt_cv_objdir=.libs
lt_cv_path_LD=/usr/bin/ld
lt_cv_path_LDCXX='/usr/bin/ld -m elf_x86_64'
lt_cv_path_NM='/usr/bin/nm -B'
lt_cv_path_mainfest_tool=no
lt_cv_prog_compiler_c_o=yes
lt_cv_prog_compiler_c_o_CXX=yes
lt_cv_prog_compiler_pic='-fPIC -DPIC'
lt_cv_prog_compiler_pic_CXX='-fPIC -DPIC'
lt_cv_prog_compiler_pic_works=yes
lt_cv_prog_compiler_pic_works_CXX=yes
lt_cv_prog_compiler_rtti_exceptions=no
lt_cv_prog_compiler_static_works=yes
lt_cv_prog_compiler_static_works_CXX=yes
lt_cv_prog_gnu_ld=yes
lt_cv_prog_gnu_ldcxx=yes
lt_cv_sharedlib_from_linklib_cmd='printf %s\n'
lt_cv_shlibpath_overrides_runpath=yes
lt_cv_sys_global_symbol_pipe='/usr/bin/sed -n -e '\''s/^.*[	 ]\([ABCDGIRSTW][ABCDGIRSTW]*\)[	 ][	 ]*\([_A-Za-z][_A-Za-z0-9]*\)$/\1 \2 \2/p'\'' | /usr/bin/sed '\''/ __gnu_lto/d'\'''
lt_cv_sys_global_symbol_to_c_name_address='/usr/bin/sed -n -e '\''s/^: \(.*\) .*$/  {"\1", (void *) 0},/p'\'' -e '\''s/^[ABCDGIRSTW][ABCDGIRSTW]* .* \(.*\)$/  {"\1", (void *) \&\1},/p'\'''
lt_cv_sys_global_symbol_to_c_name_address_lib_prefix='/usr/bin/sed -n -e '\''s/^: \(.*\) .*$/  {"\1", (void *) 0},/p'\'' -e '\''s/^[ABCDGIRSTW][ABCDGIRSTW]* .* \(lib.*\)$/  {"\1", (void *) \&\1},/p'\'' -e '\''s/^[ABCDGIRSTW][ABCDGIRSTW]* .* \(.*\)$/  {"lib\1", (void *) \&\1},/p'\'''
lt_cv_sys_global_symbol_to_cdecl='/usr/bin/sed -n -e '\''s/^T .* \(.*\)$/extern int \1();/p'\'' -e '\''s/^[ABCDGIRSTW][ABCDGIRSTW]* .* \(.*\)$/extern char \1;/p'\'''
lt_cv_sys_global_symbol_to_import=
lt_cv_sys_max_cmd_len=1572864
lt_cv_to_host_file_cmd=func_convert_file_noop
lt_cv_to_tool_file_cmd=func_convert_file_noop
lt_cv_truncate_bin='/usr/bin/dd bs=4096 count=1'

## ----------------- ##
## Output variables. ##
## ----------------- ##

ACLOCAL='${SHELL} '\''/home/dyy/libzdb-3.2.3/config/missing'\'' aclocal-1.16'
AMDEPBACKSLASH='\'
AMDEP_FALSE='#'
AMDEP_TRUE=''
AMTAR='$${TAR-tar}'
AM_BACKSLASH='\'
AM_DEFAULT_V='$(AM_DEFAULT_VERBOSITY)'
AM_DEFAULT_VERBOSITY='1'
AM_V='$(V)'
AR='ar'
AUTOCONF='${SHELL} '\''/home/dyy/libzdb-3.2.3/config/missing'\'' autoconf'
AUTOHEADER='${SHELL} '\''/home/dyy/libzdb-3.2.3/config/missing'\'' autoheader'
AUTOMAKE='${SHELL} '\''/home/dyy/libzdb-3.2.3/config/missing'\'' automake-1.16'
AWK='mawk'
CC='gcc'
CCDEPMODE='depmode=none'
CFLAGS='-Wno-address -Wno-pointer-sign -g -O2 -D_GNU_SOURCE -Wall -Wunused -Wno-unused-label -funsigned-char -std=c11'
CPPFLAGS='-I/usr/include/mysql '
CSCOPE='cscope'
CTAGS='ctags'
CXX='g++'
CXXCPP='g++ -E'
CXXDEPMODE='depmode=none'
CXXFLAGS='-g -O2'
CYGPATH_W='echo'
DBCPPFLAGS=' -I/usr/include/mysql'
DBLDFLAGS=' -L/usr/lib/x86_64-linux-gnu -lmysqlclient -lpthread -lm -lrt -latomic -ldl'
DEFS='-DHAVE_CONFIG_H'
DEPDIR='.deps'
DLLTOOL='false'
DSYMUTIL=''
DUMPBIN=''
ECHO_C=''
ECHO_N='-n'
ECHO_T=''
EGREP='/usr/bin/grep -E'
ETAGS='etags'
EXEEXT=''
FGREP='/usr/bin/grep -F'
FILECMD='file'
GREP='/usr/bin/grep'
INSTALL_DATA='${INSTALL} -m 644'
INSTALL_PROGRAM='${INSTALL}'
INSTALL_SCRIPT='${INSTALL}'
INSTALL_STRIP_PROGRAM='$(install_sh) -c -s'
LD='/usr/bin/ld -m elf_x86_64'
LDFLAGS='-L/usr/lib/x86_64-linux-gnu -lmysqlclient -lpthread -lm -lrt -latomic -ldl '
LEX='flex'
LEXLIB=''
LEX_OUTPUT_ROOT='lex.yy'
LIBOBJS=''
LIBS='-lpthread '
LIBTOOL='$(SHELL) $(top_builddir)/libtool'
LIPO=''
LN_S='ln -s'
LTLIBOBJS=''
LT_SYS_LIBRARY_PATH=''
MAKEINFO='${SHELL} '\''/home/dyy/libzdb-3.2.3/config/missing'\'' makeinfo'
MANIFEST_TOOL=':'
MKDIR_P='/usr/bin/mkdir -p'
MYSQLCONFIG='/usr/bin/mysql_config'
NM='/usr/bin/nm -B'
NMEDIT=''
OBJDUMP='objdump'
OBJEXT='o'
ORACLE_OCI_CFLAGS=''
ORACLE_OCI_LDFLAGS=''
ORACLE_OCI_VERSION=''
OTOOL64=''
OTOOL=''
PACKAGE='libzdb'
PACKAGE_BUGREPORT='bugs-libzdb@tildeslash.com'
PACKAGE_NAME='libzdb'
PACKAGE_STRING='libzdb 3.2.3'
PACKAGE_TARNAME='libzdb'
PACKAGE_URL=''
PACKAGE_VERSION='3.2.3'
PATH_SEPARATOR=':'
PGCONFIG='no'
RANLIB='ranlib'
RE2C='no'
SED='/usr/bin/sed'
SET_MAKE=''
SHELL='/bin/bash'
STRIP='strip'
UNIT_TEST='test'
VERSION='3.2.3'
WITH_MYSQL_FALSE='#'
WITH_MYSQL_TRUE=''
WITH_ORACLE_FALSE=''
WITH_ORACLE_TRUE='#'
WITH_POSTGRESQL_FALSE=''
WITH_POSTGRESQL_TRUE='#'
WITH_SQLITE_FALSE=''
WITH_SQLITE_TRUE='#'
WITH_ZILD_FALSE=''
WITH_ZILD_TRUE='#'
ac_ct_AR='ar'
ac_ct_CC='gcc'
ac_ct_CXX='g++'
ac_ct_DUMPBIN=''
am__EXEEXT_FALSE=''
am__EXEEXT_TRUE='#'
am__fastdepCC_FALSE=''
am__fastdepCC_TRUE='#'
am__fastdepCXX_FALSE=''
am__fastdepCXX_TRUE='#'
am__include='include'
am__isrc=''
am__leading_dot='.'
am__nodep='_no'
am__quote=''
am__tar='$${TAR-tar} chof - "$$tardir"'
am__untar='$${TAR-tar} xf -'
bindir='${exec_prefix}/bin'
build='x86_64-pc-linux-gnu'
build_alias=''
build_cpu='x86_64'
build_os='linux-gnu'
build_vendor='pc'
datadir='${datarootdir}'
datarootdir='${prefix}/share'
docdir='${datarootdir}/doc/${PACKAGE_TARNAME}'
dvidir='${docdir}'
exec_prefix='${prefix}'
host='x86_64-pc-linux-gnu'
host_alias=''
host_cpu='x86_64'
host_os='linux-gnu'
host_vendor='pc'
htmldir='${docdir}'
includedir='${prefix}/include'
infodir='${datarootdir}/info'
install_sh='${SHELL} /home/dyy/libzdb-3.2.3/config/install-sh'
libdir='${exec_prefix}/lib'
libexecdir='${exec_prefix}/libexec'
localedir='${datarootdir}/locale'
localstatedir='${prefix}/var'
mandir='${datarootdir}/man'
mkdir_p='$(MKDIR_P)'
oldincludedir='/usr/include'
pdfdir='${docdir}'
prefix='/usr/local'
program_transform_name='s,x,x,'
psdir='${docdir}'
runstatedir='${localstatedir}/run'
sbindir='${exec_prefix}/sbin'
sharedstatedir='${prefix}/com'
sysconfdir='${prefix}/etc'
target_alias=''

## ----------- ##
## confdefs.h. ##
## ----------- ##

/* confdefs.h */
#define PACKAGE_NAME "libzdb"
#define PACKAGE_TARNAME "libzdb"
#define PACKAGE_VERSION "3.2.3"
#define PACKAGE_STRING "libzdb 3.2.3"
#define PACKAGE_BUGREPORT "bugs-libzdb@tildeslash.com"
#define PACKAGE_URL ""
#define PACKAGE "libzdb"
#define VERSION "3.2.3"
#define LINUX 1
#define HAVE_STDIO_H 1
#define HAVE_STDLIB_H 1
#define HAVE_STRING_H 1
#define HAVE_INTTYPES_H 1
#define HAVE_STDINT_H 1
#define HAVE_STRINGS_H 1
#define HAVE_SYS_STAT_H 1
#define HAVE_SYS_TYPES_H 1
#define HAVE_UNISTD_H 1
#define STDC_HEADERS 1
#define HAVE_STDINT_H 1
#define HAVE_STDBOOL_H 1
#define HAVE_STDATOMIC_H 1
#define YYTEXT_POINTER 1
#define HAVE_DLFCN_H 1
#define LT_OBJDIR ".libs/"
#define HAVE_TIMEGM 1
#define HAVE_MYSQL_H 1
#define HAVE_LIBMYSQLCLIENT 1
#define HAVE_STRUCT_TM_TM_GMTOFF 1

configure: exit 0
